0 info it worked if it ends with ok
1 verbose cli [ '/usr/local/Cellar/node/5.8.0/bin/node',
1 verbose cli   '/usr/local/bin/npm',
1 verbose cli   'run',
1 verbose cli   'test' ]
2 info using npm@3.8.1
3 info using node@v5.8.0
4 verbose run-script [ 'pretest', 'test', 'posttest' ]
5 info lifecycle test-gulpthing@1.0.0~pretest: test-gulpthing@1.0.0
6 silly lifecycle test-gulpthing@1.0.0~pretest: no script for pretest, continuing
7 info lifecycle test-gulpthing@1.0.0~test: test-gulpthing@1.0.0
8 verbose lifecycle test-gulpthing@1.0.0~test: unsafe-perm in lifecycle true
9 verbose lifecycle test-gulpthing@1.0.0~test: PATH: /usr/local/lib/node_modules/npm/bin/node-gyp-bin:/Users/eleonorasmid/projecten/gulp/node_modules/.bin:/usr/local/Cellar/node/5.8.0/bin:./node_modules/.bin:/usr/local/bin:/usr/local/share/npm/bin:/usr/local/sbin:/usr/local/opt/php56/sbin:/usr/local/Cellar/php56/5.6.16/bin:/usr/local/bin:/usr/local/bin:/usr/bin:/bin:/usr/sbin:/sbin:/usr/local/go/bin:/Users/eleonorasmid/bin:/Users/eleonorasmid/work/bin
10 verbose lifecycle test-gulpthing@1.0.0~test: CWD: /Users/eleonorasmid/projecten/gulp
11 silly lifecycle test-gulpthing@1.0.0~test: Args: [ '-c', 'gulp lint' ]
12 silly lifecycle test-gulpthing@1.0.0~test: Returned: code: 1  signal: null
13 info lifecycle test-gulpthing@1.0.0~test: Failed to exec test script
14 verbose stack Error: test-gulpthing@1.0.0 test: `gulp lint`
14 verbose stack Exit status 1
14 verbose stack     at EventEmitter.<anonymous> (/usr/local/lib/node_modules/npm/lib/utils/lifecycle.js:239:16)
14 verbose stack     at emitTwo (events.js:100:13)
14 verbose stack     at EventEmitter.emit (events.js:185:7)
14 verbose stack     at ChildProcess.<anonymous> (/usr/local/lib/node_modules/npm/lib/utils/spawn.js:24:14)
14 verbose stack     at emitTwo (events.js:100:13)
14 verbose stack     at ChildProcess.emit (events.js:185:7)
14 verbose stack     at maybeClose (internal/child_process.js:850:16)
14 verbose stack     at Process.ChildProcess._handle.onexit (internal/child_process.js:215:5)
15 verbose pkgid test-gulpthing@1.0.0
16 verbose cwd /Users/eleonorasmid/projecten/gulp
17 error Darwin 15.4.0
18 error argv "/usr/local/Cellar/node/5.8.0/bin/node" "/usr/local/bin/npm" "run" "test"
19 error node v5.8.0
20 error npm  v3.8.1
21 error code ELIFECYCLE
22 error test-gulpthing@1.0.0 test: `gulp lint`
22 error Exit status 1
23 error Failed at the test-gulpthing@1.0.0 test script 'gulp lint'.
23 error Make sure you have the latest version of node.js and npm installed.
23 error If you do, this is most likely a problem with the test-gulpthing package,
23 error not with npm itself.
23 error Tell the author that this fails on your system:
23 error     gulp lint
23 error You can get information on how to open an issue for this project with:
23 error     npm bugs test-gulpthing
23 error Or if that isn't available, you can get their info via:
23 error     npm owner ls test-gulpthing
23 error There is likely additional logging output above.
24 verbose exit [ 1, true ]
